<?xml version="1.0" encoding="UTF-8"?>
<!-- Generated by org.testng.reporters.JUnitReportReporter -->
<testsuite hostname="LAPTOP-K322O225" failures="0" tests="6" name="com.crm.comcast.contactbatchtest.CreateContactTest" time="54.482" errors="0" timestamp="2025-03-01T14:43:04 IST" skipped="0">
  <testcase classname="com.crm.comcast.contactbatchtest.CreateContactTest" name="createContactWithSupportDate" time="6.067"/>
  <testcase classname="com.crm.comcast.contactbatchtest.CreateContactTest" name="createContactTest" time="6.113"/>
  <testcase classname="com.crm.comcast.contactbatchtest.CreateContactTest" name="createContactTest" time="8.145"/>
  <testcase classname="com.crm.comcast.contactbatchtest.CreateContactTest" name="createContactWithSupportDate" time="5.959"/>
  <testcase classname="com.crm.comcast.contactbatchtest.CreateContactTest" name="createContactWithOrgTest" time="14.857"/>
  <testcase classname="com.crm.comcast.contactbatchtest.CreateContactTest" name="createContactWithOrgTest" time="13.341"/>
</testsuite> <!-- com.crm.comcast.contactbatchtest.CreateContactTest -->
