<?xml version="1.0" encoding="UTF-8"?>
<!-- Generated by org.testng.reporters.JUnitReportReporter -->
<testsuite hostname="LAPTOP-K322O225" failures="0" tests="5" name="testNG.GetProductInfoTest" time="32.672" errors="0" timestamp="2025-02-25T17:28:25 IST" skipped="0">
  <testcase classname="testNG.GetProductInfoTest" name="getProductPriceTest" time="6.409"/>
  <testcase classname="testNG.GetProductInfoTest" name="getProductPriceTest" time="5.948"/>
  <testcase classname="testNG.GetProductInfoTest" name="getProductPriceTest" time="5.601"/>
  <testcase classname="testNG.GetProductInfoTest" name="getProductPriceTest" time="7.421"/>
  <testcase classname="testNG.GetProductInfoTest" name="getProductPriceTest" time="7.293"/>
</testsuite> <!-- testNG.GetProductInfoTest -->
