<?xml version="1.0" encoding="UTF-8"?>
<!-- Generated by org.testng.reporters.JUnitReportReporter -->
<testsuite hostname="LAPTOP-K322O225" failures="0" tests="3" name="testNG.DataProviderTest" time="0.015" errors="0" timestamp="2025-02-25T16:04:18 IST" skipped="0">
  <testcase classname="testNG.DataProviderTest" name="createContactTest" time="0.002"/>
  <testcase classname="testNG.DataProviderTest" name="createContactTest" time="0.002"/>
  <testcase classname="testNG.DataProviderTest" name="createContactTest" time="0.011"/>
</testsuite> <!-- testNG.DataProviderTest -->
