<?xml version="1.0" encoding="UTF-8"?>
<!-- Generated by org.testng.reporters.JUnitReportReporter -->
<testsuite hostname="LAPTOP-K322O225" failures="0" tests="2" name="testNG.ReportTest" time="0.013" errors="0" timestamp="2025-03-01T15:27:05 IST" skipped="0">
  <testcase classname="testNG.ReportTest" name="verifyLogohomePageTest" time="0.002">
    <system-out>
      <![CDATA[verifyLogohomePageTestTest Start
Step 1
Step 2
Step 3
Step 4
verifyLogohomePageTestTest Start]]>
    </system-out>
  </testcase> <!-- verifyLogohomePageTest -->
  <testcase classname="testNG.ReportTest" name="homePageTest" time="0.011">
    <system-out>
      <![CDATA[homePageTestTest Start
Step 1
Step 2
Step 3
Step 4
homePageTestTest Start]]>
    </system-out>
  </testcase> <!-- homePageTest -->
  <system-out>
    <![CDATA[homePageTestTest Start
Step 1
Step 2
Step 3
Step 4
homePageTestTest Start
verifyLogohomePageTestTest Start
Step 1
Step 2
Step 3
Step 4
verifyLogohomePageTestTest Start]]>
  </system-out>
</testsuite> <!-- testNG.ReportTest -->
