<?xml version="1.0" encoding="UTF-8"?>
<!-- Generated by org.testng.reporters.JUnitReportReporter -->
<testsuite hostname="LAPTOP-K322O225" failures="0" tests="1" name="testNG.SampleReportTest" time="3.084" errors="0" timestamp="2025-03-03T16:06:19 IST" skipped="0">
  <testcase classname="testNG.SampleReportTest" name="createContactTest" time="3.084"/>
</testsuite> <!-- testNG.SampleReportTest -->
