<?xml version="1.0" encoding="UTF-8"?>
<!-- Generated by org.testng.reporters.JUnitReportReporter -->
<testsuite hostname="LAPTOP-K322O225" failures="0" tests="1" name="com.crm.comcast.orgbatchtest.CreateOrgTest" time="6.605" errors="0" timestamp="2025-03-03T17:55:52 IST" skipped="0">
  <testcase classname="com.crm.comcast.orgbatchtest.CreateOrgTest" name="createOrgTest" time="6.605"/>
</testsuite> <!-- com.crm.comcast.orgbatchtest.CreateOrgTest -->
